INFO	?	main	2016-11-10T02:04:01.385Z	org.javacs.Main#connectToNode	Connected to parent using socket on port 55282
INFO	?	main	2016-11-10T02:04:01.642Z	org.javacs.JavaLanguageServer#doLint	Lint c:\Repos\CS210\Assignments\5\ballsClass.java
SEVERE	?	main	2016-11-10T02:04:01.647Z	org.javacs.Main$4#onError	Can't find configuration file for c:\Repos\CS210\Assignments\5\ballsClass.java
org.javacs.ShowMessageException: Can't find configuration file for c:\Repos\CS210\Assignments\5\ballsClass.java
	at org.javacs.ShowMessageException.create(ShowMessageException.java:30)
	at org.javacs.ShowMessageException.warning(ShowMessageException.java:21)
	at org.javacs.JavaLanguageServer$1.didOpen(JavaLanguageServer.java:194)
	at io.typefox.lsapi.services.transport.server.LanguageServerEndpoint._doAccept(LanguageServerEndpoint.xtend:198)
	at io.typefox.lsapi.services.transport.server.LanguageServerEndpoint.doAccept(LanguageServerEndpoint.xtend:194)
	at io.typefox.lsapi.services.transport.server.LanguageServerEndpoint.accept(LanguageServerEndpoint.xtend:114)
	at io.typefox.lsapi.services.transport.server.LanguageServerEndpoint.accept(LanguageServerEndpoint.xtend)
	at io.typefox.lsapi.services.transport.AbstractLanguageEndpoint.handleMessage(LanguageEndpoint.xtend:67)
	at io.typefox.lsapi.services.transport.AbstractLanguageEndpoint.lambda$connect$4(LanguageEndpoint.xtend:61)
	at io.typefox.lsapi.services.json.StreamMessageReader$1.apply(StreamMessageReader.java:46)
	at io.typefox.lsapi.services.json.StreamMessageReader$1.apply(StreamMessageReader.java:44)
	at io.typefox.lsapi.services.json.StreamMessageReader.handleMessage(StreamMessageReader.xtend:128)
	at io.typefox.lsapi.services.json.StreamMessageReader.listen(StreamMessageReader.xtend:61)
	at io.typefox.lsapi.services.transport.AbstractLanguageEndpoint.connect(LanguageEndpoint.xtend:60)
	at org.javacs.Main.run(Main.java:150)
	at org.javacs.Main.main(Main.java:69)
Caused by: org.javacs.NoJavaConfigException: Can't find configuration file for c:\Repos\CS210\Assignments\5\ballsClass.java
	at org.javacs.JavaLanguageServer.lambda$findCompiler$22(JavaLanguageServer.java:453)
	at java.util.Optional.orElseThrow(Optional.java:290)
	at org.javacs.JavaLanguageServer.findCompiler(JavaLanguageServer.java:453)
	at org.javacs.JavaLanguageServer.doLint(JavaLanguageServer.java:301)
	at org.javacs.JavaLanguageServer.access$400(JavaLanguageServer.java:29)
	at org.javacs.JavaLanguageServer$1.didOpen(JavaLanguageServer.java:191)
	... 13 more

SEVERE	?	main	2016-11-10T02:04:05.972Z	org.javacs.Main$4#onError	Can't find configuration file for c:\Repos\CS210\Assignments\5\ballsClass.java
org.javacs.NoJavaConfigException: Can't find configuration file for c:\Repos\CS210\Assignments\5\ballsClass.java
	at org.javacs.JavaLanguageServer.lambda$findCompiler$22(JavaLanguageServer.java:453)
	at java.util.Optional.orElseThrow(Optional.java:290)
	at org.javacs.JavaLanguageServer.findCompiler(JavaLanguageServer.java:453)
	at org.javacs.JavaLanguageServer.lambda$findSymbol$31(JavaLanguageServer.java:740)
	at java.util.Optional.flatMap(Optional.java:241)
	at org.javacs.JavaLanguageServer.findSymbol(JavaLanguageServer.java:739)
	at org.javacs.JavaLanguageServer.doHover(JavaLanguageServer.java:888)
	at org.javacs.JavaLanguageServer$1.hover(JavaLanguageServer.java:116)
	at io.typefox.lsapi.services.transport.server.LanguageServerEndpoint._doAccept(LanguageServerEndpoint.xtend:130)
	at io.typefox.lsapi.services.transport.server.LanguageServerEndpoint.doAccept(LanguageServerEndpoint.xtend:117)
	at io.typefox.lsapi.services.transport.server.LanguageServerEndpoint.accept(LanguageServerEndpoint.xtend:114)
	at io.typefox.lsapi.services.transport.server.LanguageServerEndpoint.accept(LanguageServerEndpoint.xtend)
	at io.typefox.lsapi.services.transport.AbstractLanguageEndpoint.handleMessage(LanguageEndpoint.xtend:67)
	at io.typefox.lsapi.services.transport.AbstractLanguageEndpoint.lambda$connect$4(LanguageEndpoint.xtend:61)
	at io.typefox.lsapi.services.json.StreamMessageReader$1.apply(StreamMessageReader.java:46)
	at io.typefox.lsapi.services.json.StreamMessageReader$1.apply(StreamMessageReader.java:44)
	at io.typefox.lsapi.services.json.StreamMessageReader.handleMessage(StreamMessageReader.xtend:128)
	at io.typefox.lsapi.services.json.StreamMessageReader.listen(StreamMessageReader.xtend:61)
	at io.typefox.lsapi.services.transport.AbstractLanguageEndpoint.connect(LanguageEndpoint.xtend:60)
	at org.javacs.Main.run(Main.java:150)
	at org.javacs.Main.main(Main.java:69)

SEVERE	?	main	2016-11-10T02:04:32.512Z	org.javacs.Main$4#onError	Can't find configuration file for c:\Repos\CS210\Assignments\5\ballsClass.java
org.javacs.NoJavaConfigException: Can't find configuration file for c:\Repos\CS210\Assignments\5\ballsClass.java
	at org.javacs.JavaLanguageServer.lambda$findCompiler$22(JavaLanguageServer.java:453)
	at java.util.Optional.orElseThrow(Optional.java:290)
	at org.javacs.JavaLanguageServer.findCompiler(JavaLanguageServer.java:453)
	at org.javacs.JavaLanguageServer.lambda$findSymbol$31(JavaLanguageServer.java:740)
	at java.util.Optional.flatMap(Optional.java:241)
	at org.javacs.JavaLanguageServer.findSymbol(JavaLanguageServer.java:739)
	at org.javacs.JavaLanguageServer.doHover(JavaLanguageServer.java:888)
	at org.javacs.JavaLanguageServer$1.hover(JavaLanguageServer.java:116)
	at io.typefox.lsapi.services.transport.server.LanguageServerEndpoint._doAccept(LanguageServerEndpoint.xtend:130)
	at io.typefox.lsapi.services.transport.server.LanguageServerEndpoint.doAccept(LanguageServerEndpoint.xtend:117)
	at io.typefox.lsapi.services.transport.server.LanguageServerEndpoint.accept(LanguageServerEndpoint.xtend:114)
	at io.typefox.lsapi.services.transport.server.LanguageServerEndpoint.accept(LanguageServerEndpoint.xtend)
	at io.typefox.lsapi.services.transport.AbstractLanguageEndpoint.handleMessage(LanguageEndpoint.xtend:67)
	at io.typefox.lsapi.services.transport.AbstractLanguageEndpoint.lambda$connect$4(LanguageEndpoint.xtend:61)
	at io.typefox.lsapi.services.json.StreamMessageReader$1.apply(StreamMessageReader.java:46)
	at io.typefox.lsapi.services.json.StreamMessageReader$1.apply(StreamMessageReader.java:44)
	at io.typefox.lsapi.services.json.StreamMessageReader.handleMessage(StreamMessageReader.xtend:128)
	at io.typefox.lsapi.services.json.StreamMessageReader.listen(StreamMessageReader.xtend:61)
	at io.typefox.lsapi.services.transport.AbstractLanguageEndpoint.connect(LanguageEndpoint.xtend:60)
	at org.javacs.Main.run(Main.java:150)
	at org.javacs.Main.main(Main.java:69)

SEVERE	?	main	2016-11-10T02:04:32.945Z	org.javacs.Main$4#onError	Can't find configuration file for c:\Repos\CS210\Assignments\5\ballsClass.java
org.javacs.NoJavaConfigException: Can't find configuration file for c:\Repos\CS210\Assignments\5\ballsClass.java
	at org.javacs.JavaLanguageServer.lambda$findCompiler$22(JavaLanguageServer.java:453)
	at java.util.Optional.orElseThrow(Optional.java:290)
	at org.javacs.JavaLanguageServer.findCompiler(JavaLanguageServer.java:453)
	at org.javacs.JavaLanguageServer.lambda$findSymbol$31(JavaLanguageServer.java:740)
	at java.util.Optional.flatMap(Optional.java:241)
	at org.javacs.JavaLanguageServer.findSymbol(JavaLanguageServer.java:739)
	at org.javacs.JavaLanguageServer.doHover(JavaLanguageServer.java:888)
	at org.javacs.JavaLanguageServer$1.hover(JavaLanguageServer.java:116)
	at io.typefox.lsapi.services.transport.server.LanguageServerEndpoint._doAccept(LanguageServerEndpoint.xtend:130)
	at io.typefox.lsapi.services.transport.server.LanguageServerEndpoint.doAccept(LanguageServerEndpoint.xtend:117)
	at io.typefox.lsapi.services.transport.server.LanguageServerEndpoint.accept(LanguageServerEndpoint.xtend:114)
	at io.typefox.lsapi.services.transport.server.LanguageServerEndpoint.accept(LanguageServerEndpoint.xtend)
	at io.typefox.lsapi.services.transport.AbstractLanguageEndpoint.handleMessage(LanguageEndpoint.xtend:67)
	at io.typefox.lsapi.services.transport.AbstractLanguageEndpoint.lambda$connect$4(LanguageEndpoint.xtend:61)
	at io.typefox.lsapi.services.json.StreamMessageReader$1.apply(StreamMessageReader.java:46)
	at io.typefox.lsapi.services.json.StreamMessageReader$1.apply(StreamMessageReader.java:44)
	at io.typefox.lsapi.services.json.StreamMessageReader.handleMessage(StreamMessageReader.xtend:128)
	at io.typefox.lsapi.services.json.StreamMessageReader.listen(StreamMessageReader.xtend:61)
	at io.typefox.lsapi.services.transport.AbstractLanguageEndpoint.connect(LanguageEndpoint.xtend:60)
	at org.javacs.Main.run(Main.java:150)
	at org.javacs.Main.main(Main.java:69)

SEVERE	?	main	2016-11-10T02:04:36.007Z	org.javacs.Main$4#onError	Can't find configuration file for c:\Repos\CS210\Assignments\5\ballsClass.java
org.javacs.NoJavaConfigException: Can't find configuration file for c:\Repos\CS210\Assignments\5\ballsClass.java
	at org.javacs.JavaLanguageServer.lambda$findCompiler$22(JavaLanguageServer.java:453)
	at java.util.Optional.orElseThrow(Optional.java:290)
	at org.javacs.JavaLanguageServer.findCompiler(JavaLanguageServer.java:453)
	at org.javacs.JavaLanguageServer.lambda$findSymbol$31(JavaLanguageServer.java:740)
	at java.util.Optional.flatMap(Optional.java:241)
	at org.javacs.JavaLanguageServer.findSymbol(JavaLanguageServer.java:739)
	at org.javacs.JavaLanguageServer.doHover(JavaLanguageServer.java:888)
	at org.javacs.JavaLanguageServer$1.hover(JavaLanguageServer.java:116)
	at io.typefox.lsapi.services.transport.server.LanguageServerEndpoint._doAccept(LanguageServerEndpoint.xtend:130)
	at io.typefox.lsapi.services.transport.server.LanguageServerEndpoint.doAccept(LanguageServerEndpoint.xtend:117)
	at io.typefox.lsapi.services.transport.server.LanguageServerEndpoint.accept(LanguageServerEndpoint.xtend:114)
	at io.typefox.lsapi.services.transport.server.LanguageServerEndpoint.accept(LanguageServerEndpoint.xtend)
	at io.typefox.lsapi.services.transport.AbstractLanguageEndpoint.handleMessage(LanguageEndpoint.xtend:67)
	at io.typefox.lsapi.services.transport.AbstractLanguageEndpoint.lambda$connect$4(LanguageEndpoint.xtend:61)
	at io.typefox.lsapi.services.json.StreamMessageReader$1.apply(StreamMessageReader.java:46)
	at io.typefox.lsapi.services.json.StreamMessageReader$1.apply(StreamMessageReader.java:44)
	at io.typefox.lsapi.services.json.StreamMessageReader.handleMessage(StreamMessageReader.xtend:128)
	at io.typefox.lsapi.services.json.StreamMessageReader.listen(StreamMessageReader.xtend:61)
	at io.typefox.lsapi.services.transport.AbstractLanguageEndpoint.connect(LanguageEndpoint.xtend:60)
	at org.javacs.Main.run(Main.java:150)
	at org.javacs.Main.main(Main.java:69)

SEVERE	?	main	2016-11-10T02:04:36.358Z	org.javacs.Main$4#onError	Can't find configuration file for c:\Repos\CS210\Assignments\5\ballsClass.java
org.javacs.NoJavaConfigException: Can't find configuration file for c:\Repos\CS210\Assignments\5\ballsClass.java
	at org.javacs.JavaLanguageServer.lambda$findCompiler$22(JavaLanguageServer.java:453)
	at java.util.Optional.orElseThrow(Optional.java:290)
	at org.javacs.JavaLanguageServer.findCompiler(JavaLanguageServer.java:453)
	at org.javacs.JavaLanguageServer.lambda$findSymbol$31(JavaLanguageServer.java:740)
	at java.util.Optional.flatMap(Optional.java:241)
	at org.javacs.JavaLanguageServer.findSymbol(JavaLanguageServer.java:739)
	at org.javacs.JavaLanguageServer.doHover(JavaLanguageServer.java:888)
	at org.javacs.JavaLanguageServer$1.hover(JavaLanguageServer.java:116)
	at io.typefox.lsapi.services.transport.server.LanguageServerEndpoint._doAccept(LanguageServerEndpoint.xtend:130)
	at io.typefox.lsapi.services.transport.server.LanguageServerEndpoint.doAccept(LanguageServerEndpoint.xtend:117)
	at io.typefox.lsapi.services.transport.server.LanguageServerEndpoint.accept(LanguageServerEndpoint.xtend:114)
	at io.typefox.lsapi.services.transport.server.LanguageServerEndpoint.accept(LanguageServerEndpoint.xtend)
	at io.typefox.lsapi.services.transport.AbstractLanguageEndpoint.handleMessage(LanguageEndpoint.xtend:67)
	at io.typefox.lsapi.services.transport.AbstractLanguageEndpoint.lambda$connect$4(LanguageEndpoint.xtend:61)
	at io.typefox.lsapi.services.json.StreamMessageReader$1.apply(StreamMessageReader.java:46)
	at io.typefox.lsapi.services.json.StreamMessageReader$1.apply(StreamMessageReader.java:44)
	at io.typefox.lsapi.services.json.StreamMessageReader.handleMessage(StreamMessageReader.xtend:128)
	at io.typefox.lsapi.services.json.StreamMessageReader.listen(StreamMessageReader.xtend:61)
	at io.typefox.lsapi.services.transport.AbstractLanguageEndpoint.connect(LanguageEndpoint.xtend:60)
	at org.javacs.Main.run(Main.java:150)
	at org.javacs.Main.main(Main.java:69)

SEVERE	?	main	2016-11-10T02:04:40.681Z	org.javacs.Main$4#onError	Can't find configuration file for c:\Repos\CS210\Assignments\5\ballsClass.java
org.javacs.NoJavaConfigException: Can't find configuration file for c:\Repos\CS210\Assignments\5\ballsClass.java
	at org.javacs.JavaLanguageServer.lambda$findCompiler$22(JavaLanguageServer.java:453)
	at java.util.Optional.orElseThrow(Optional.java:290)
	at org.javacs.JavaLanguageServer.findCompiler(JavaLanguageServer.java:453)
	at org.javacs.JavaLanguageServer.lambda$findSymbol$31(JavaLanguageServer.java:740)
	at java.util.Optional.flatMap(Optional.java:241)
	at org.javacs.JavaLanguageServer.findSymbol(JavaLanguageServer.java:739)
	at org.javacs.JavaLanguageServer.doHover(JavaLanguageServer.java:888)
	at org.javacs.JavaLanguageServer$1.hover(JavaLanguageServer.java:116)
	at io.typefox.lsapi.services.transport.server.LanguageServerEndpoint._doAccept(LanguageServerEndpoint.xtend:130)
	at io.typefox.lsapi.services.transport.server.LanguageServerEndpoint.doAccept(LanguageServerEndpoint.xtend:117)
	at io.typefox.lsapi.services.transport.server.LanguageServerEndpoint.accept(LanguageServerEndpoint.xtend:114)
	at io.typefox.lsapi.services.transport.server.LanguageServerEndpoint.accept(LanguageServerEndpoint.xtend)
	at io.typefox.lsapi.services.transport.AbstractLanguageEndpoint.handleMessage(LanguageEndpoint.xtend:67)
	at io.typefox.lsapi.services.transport.AbstractLanguageEndpoint.lambda$connect$4(LanguageEndpoint.xtend:61)
	at io.typefox.lsapi.services.json.StreamMessageReader$1.apply(StreamMessageReader.java:46)
	at io.typefox.lsapi.services.json.StreamMessageReader$1.apply(StreamMessageReader.java:44)
	at io.typefox.lsapi.services.json.StreamMessageReader.handleMessage(StreamMessageReader.xtend:128)
	at io.typefox.lsapi.services.json.StreamMessageReader.listen(StreamMessageReader.xtend:61)
	at io.typefox.lsapi.services.transport.AbstractLanguageEndpoint.connect(LanguageEndpoint.xtend:60)
	at org.javacs.Main.run(Main.java:150)
	at org.javacs.Main.main(Main.java:69)

SEVERE	?	main	2016-11-10T02:04:41.387Z	org.javacs.Main$4#onError	Can't find configuration file for c:\Repos\CS210\Assignments\5\ballsClass.java
org.javacs.NoJavaConfigException: Can't find configuration file for c:\Repos\CS210\Assignments\5\ballsClass.java
	at org.javacs.JavaLanguageServer.lambda$findCompiler$22(JavaLanguageServer.java:453)
	at java.util.Optional.orElseThrow(Optional.java:290)
	at org.javacs.JavaLanguageServer.findCompiler(JavaLanguageServer.java:453)
	at org.javacs.JavaLanguageServer.lambda$findSymbol$31(JavaLanguageServer.java:740)
	at java.util.Optional.flatMap(Optional.java:241)
	at org.javacs.JavaLanguageServer.findSymbol(JavaLanguageServer.java:739)
	at org.javacs.JavaLanguageServer.doHover(JavaLanguageServer.java:888)
	at org.javacs.JavaLanguageServer$1.hover(JavaLanguageServer.java:116)
	at io.typefox.lsapi.services.transport.server.LanguageServerEndpoint._doAccept(LanguageServerEndpoint.xtend:130)
	at io.typefox.lsapi.services.transport.server.LanguageServerEndpoint.doAccept(LanguageServerEndpoint.xtend:117)
	at io.typefox.lsapi.services.transport.server.LanguageServerEndpoint.accept(LanguageServerEndpoint.xtend:114)
	at io.typefox.lsapi.services.transport.server.LanguageServerEndpoint.accept(LanguageServerEndpoint.xtend)
	at io.typefox.lsapi.services.transport.AbstractLanguageEndpoint.handleMessage(LanguageEndpoint.xtend:67)
	at io.typefox.lsapi.services.transport.AbstractLanguageEndpoint.lambda$connect$4(LanguageEndpoint.xtend:61)
	at io.typefox.lsapi.services.json.StreamMessageReader$1.apply(StreamMessageReader.java:46)
	at io.typefox.lsapi.services.json.StreamMessageReader$1.apply(StreamMessageReader.java:44)
	at io.typefox.lsapi.services.json.StreamMessageReader.handleMessage(StreamMessageReader.xtend:128)
	at io.typefox.lsapi.services.json.StreamMessageReader.listen(StreamMessageReader.xtend:61)
	at io.typefox.lsapi.services.transport.AbstractLanguageEndpoint.connect(LanguageEndpoint.xtend:60)
	at org.javacs.Main.run(Main.java:150)
	at org.javacs.Main.main(Main.java:69)

INFO	?	main	2016-11-10T02:04:49.385Z	org.javacs.JavaLanguageServer#doLint	Lint c:\Repos\CS210\Assignments\5\ballsClass.java
SEVERE	?	main	2016-11-10T02:04:49.386Z	org.javacs.Main$4#onError	Can't find configuration file for c:\Repos\CS210\Assignments\5\ballsClass.java
org.javacs.NoJavaConfigException: Can't find configuration file for c:\Repos\CS210\Assignments\5\ballsClass.java
	at org.javacs.JavaLanguageServer.lambda$findCompiler$22(JavaLanguageServer.java:453)
	at java.util.Optional.orElseThrow(Optional.java:290)
	at org.javacs.JavaLanguageServer.findCompiler(JavaLanguageServer.java:453)
	at org.javacs.JavaLanguageServer.doLint(JavaLanguageServer.java:301)
	at org.javacs.JavaLanguageServer.access$400(JavaLanguageServer.java:29)
	at org.javacs.JavaLanguageServer$1.didSave(JavaLanguageServer.java:241)
	at io.typefox.lsapi.services.transport.server.LanguageServerEndpoint._doAccept(LanguageServerEndpoint.xtend:204)
	at io.typefox.lsapi.services.transport.server.LanguageServerEndpoint.doAccept(LanguageServerEndpoint.xtend:194)
	at io.typefox.lsapi.services.transport.server.LanguageServerEndpoint.accept(LanguageServerEndpoint.xtend:114)
	at io.typefox.lsapi.services.transport.server.LanguageServerEndpoint.accept(LanguageServerEndpoint.xtend)
	at io.typefox.lsapi.services.transport.AbstractLanguageEndpoint.handleMessage(LanguageEndpoint.xtend:67)
	at io.typefox.lsapi.services.transport.AbstractLanguageEndpoint.lambda$connect$4(LanguageEndpoint.xtend:61)
	at io.typefox.lsapi.services.json.StreamMessageReader$1.apply(StreamMessageReader.java:46)
	at io.typefox.lsapi.services.json.StreamMessageReader$1.apply(StreamMessageReader.java:44)
	at io.typefox.lsapi.services.json.StreamMessageReader.handleMessage(StreamMessageReader.xtend:128)
	at io.typefox.lsapi.services.json.StreamMessageReader.listen(StreamMessageReader.xtend:61)
	at io.typefox.lsapi.services.transport.AbstractLanguageEndpoint.connect(LanguageEndpoint.xtend:60)
	at org.javacs.Main.run(Main.java:150)
	at org.javacs.Main.main(Main.java:69)

SEVERE	?	main	2016-11-10T02:41:07.293Z	org.javacs.Main$4#onError	Can't find configuration file for c:\Repos\CS210\Assignments\5\ballsClass.java
org.javacs.NoJavaConfigException: Can't find configuration file for c:\Repos\CS210\Assignments\5\ballsClass.java
	at org.javacs.JavaLanguageServer.lambda$findCompiler$22(JavaLanguageServer.java:453)
	at java.util.Optional.orElseThrow(Optional.java:290)
	at org.javacs.JavaLanguageServer.findCompiler(JavaLanguageServer.java:453)
	at org.javacs.JavaLanguageServer.lambda$findSymbol$31(JavaLanguageServer.java:740)
	at java.util.Optional.flatMap(Optional.java:241)
	at org.javacs.JavaLanguageServer.findSymbol(JavaLanguageServer.java:739)
	at org.javacs.JavaLanguageServer.doHover(JavaLanguageServer.java:888)
	at org.javacs.JavaLanguageServer$1.hover(JavaLanguageServer.java:116)
	at io.typefox.lsapi.services.transport.server.LanguageServerEndpoint._doAccept(LanguageServerEndpoint.xtend:130)
	at io.typefox.lsapi.services.transport.server.LanguageServerEndpoint.doAccept(LanguageServerEndpoint.xtend:117)
	at io.typefox.lsapi.services.transport.server.LanguageServerEndpoint.accept(LanguageServerEndpoint.xtend:114)
	at io.typefox.lsapi.services.transport.server.LanguageServerEndpoint.accept(LanguageServerEndpoint.xtend)
	at io.typefox.lsapi.services.transport.AbstractLanguageEndpoint.handleMessage(LanguageEndpoint.xtend:67)
	at io.typefox.lsapi.services.transport.AbstractLanguageEndpoint.lambda$connect$4(LanguageEndpoint.xtend:61)
	at io.typefox.lsapi.services.json.StreamMessageReader$1.apply(StreamMessageReader.java:46)
	at io.typefox.lsapi.services.json.StreamMessageReader$1.apply(StreamMessageReader.java:44)
	at io.typefox.lsapi.services.json.StreamMessageReader.handleMessage(StreamMessageReader.xtend:128)
	at io.typefox.lsapi.services.json.StreamMessageReader.listen(StreamMessageReader.xtend:61)
	at io.typefox.lsapi.services.transport.AbstractLanguageEndpoint.connect(LanguageEndpoint.xtend:60)
	at org.javacs.Main.run(Main.java:150)
	at org.javacs.Main.main(Main.java:69)

SEVERE	?	main	2016-11-10T02:41:07.479Z	org.javacs.Main$4#onError	Can't find configuration file for c:\Repos\CS210\Assignments\5\ballsClass.java
org.javacs.NoJavaConfigException: Can't find configuration file for c:\Repos\CS210\Assignments\5\ballsClass.java
	at org.javacs.JavaLanguageServer.lambda$findCompiler$22(JavaLanguageServer.java:453)
	at java.util.Optional.orElseThrow(Optional.java:290)
	at org.javacs.JavaLanguageServer.findCompiler(JavaLanguageServer.java:453)
	at org.javacs.JavaLanguageServer.lambda$findSymbol$31(JavaLanguageServer.java:740)
	at java.util.Optional.flatMap(Optional.java:241)
	at org.javacs.JavaLanguageServer.findSymbol(JavaLanguageServer.java:739)
	at org.javacs.JavaLanguageServer.doHover(JavaLanguageServer.java:888)
	at org.javacs.JavaLanguageServer$1.hover(JavaLanguageServer.java:116)
	at io.typefox.lsapi.services.transport.server.LanguageServerEndpoint._doAccept(LanguageServerEndpoint.xtend:130)
	at io.typefox.lsapi.services.transport.server.LanguageServerEndpoint.doAccept(LanguageServerEndpoint.xtend:117)
	at io.typefox.lsapi.services.transport.server.LanguageServerEndpoint.accept(LanguageServerEndpoint.xtend:114)
	at io.typefox.lsapi.services.transport.server.LanguageServerEndpoint.accept(LanguageServerEndpoint.xtend)
	at io.typefox.lsapi.services.transport.AbstractLanguageEndpoint.handleMessage(LanguageEndpoint.xtend:67)
	at io.typefox.lsapi.services.transport.AbstractLanguageEndpoint.lambda$connect$4(LanguageEndpoint.xtend:61)
	at io.typefox.lsapi.services.json.StreamMessageReader$1.apply(StreamMessageReader.java:46)
	at io.typefox.lsapi.services.json.StreamMessageReader$1.apply(StreamMessageReader.java:44)
	at io.typefox.lsapi.services.json.StreamMessageReader.handleMessage(StreamMessageReader.xtend:128)
	at io.typefox.lsapi.services.json.StreamMessageReader.listen(StreamMessageReader.xtend:61)
	at io.typefox.lsapi.services.transport.AbstractLanguageEndpoint.connect(LanguageEndpoint.xtend:60)
	at org.javacs.Main.run(Main.java:150)
	at org.javacs.Main.main(Main.java:69)

SEVERE	?	main	2016-11-10T02:41:08.279Z	org.javacs.Main$4#onError	Can't find configuration file for c:\Repos\CS210\Assignments\5\ballsClass.java
org.javacs.NoJavaConfigException: Can't find configuration file for c:\Repos\CS210\Assignments\5\ballsClass.java
	at org.javacs.JavaLanguageServer.lambda$findCompiler$22(JavaLanguageServer.java:453)
	at java.util.Optional.orElseThrow(Optional.java:290)
	at org.javacs.JavaLanguageServer.findCompiler(JavaLanguageServer.java:453)
	at org.javacs.JavaLanguageServer.lambda$findSymbol$31(JavaLanguageServer.java:740)
	at java.util.Optional.flatMap(Optional.java:241)
	at org.javacs.JavaLanguageServer.findSymbol(JavaLanguageServer.java:739)
	at org.javacs.JavaLanguageServer.doHover(JavaLanguageServer.java:888)
	at org.javacs.JavaLanguageServer$1.hover(JavaLanguageServer.java:116)
	at io.typefox.lsapi.services.transport.server.LanguageServerEndpoint._doAccept(LanguageServerEndpoint.xtend:130)
	at io.typefox.lsapi.services.transport.server.LanguageServerEndpoint.doAccept(LanguageServerEndpoint.xtend:117)
	at io.typefox.lsapi.services.transport.server.LanguageServerEndpoint.accept(LanguageServerEndpoint.xtend:114)
	at io.typefox.lsapi.services.transport.server.LanguageServerEndpoint.accept(LanguageServerEndpoint.xtend)
	at io.typefox.lsapi.services.transport.AbstractLanguageEndpoint.handleMessage(LanguageEndpoint.xtend:67)
	at io.typefox.lsapi.services.transport.AbstractLanguageEndpoint.lambda$connect$4(LanguageEndpoint.xtend:61)
	at io.typefox.lsapi.services.json.StreamMessageReader$1.apply(StreamMessageReader.java:46)
	at io.typefox.lsapi.services.json.StreamMessageReader$1.apply(StreamMessageReader.java:44)
	at io.typefox.lsapi.services.json.StreamMessageReader.handleMessage(StreamMessageReader.xtend:128)
	at io.typefox.lsapi.services.json.StreamMessageReader.listen(StreamMessageReader.xtend:61)
	at io.typefox.lsapi.services.transport.AbstractLanguageEndpoint.connect(LanguageEndpoint.xtend:60)
	at org.javacs.Main.run(Main.java:150)
	at org.javacs.Main.main(Main.java:69)

SEVERE	?	main	2016-11-10T02:41:12.658Z	org.javacs.Main$4#onError	Can't find configuration file for c:\Repos\CS210\Assignments\5\ballsClass.java
org.javacs.NoJavaConfigException: Can't find configuration file for c:\Repos\CS210\Assignments\5\ballsClass.java
	at org.javacs.JavaLanguageServer.lambda$findCompiler$22(JavaLanguageServer.java:453)
	at java.util.Optional.orElseThrow(Optional.java:290)
	at org.javacs.JavaLanguageServer.findCompiler(JavaLanguageServer.java:453)
	at org.javacs.JavaLanguageServer.lambda$findSymbol$31(JavaLanguageServer.java:740)
	at java.util.Optional.flatMap(Optional.java:241)
	at org.javacs.JavaLanguageServer.findSymbol(JavaLanguageServer.java:739)
	at org.javacs.JavaLanguageServer.doHover(JavaLanguageServer.java:888)
	at org.javacs.JavaLanguageServer$1.hover(JavaLanguageServer.java:116)
	at io.typefox.lsapi.services.transport.server.LanguageServerEndpoint._doAccept(LanguageServerEndpoint.xtend:130)
	at io.typefox.lsapi.services.transport.server.LanguageServerEndpoint.doAccept(LanguageServerEndpoint.xtend:117)
	at io.typefox.lsapi.services.transport.server.LanguageServerEndpoint.accept(LanguageServerEndpoint.xtend:114)
	at io.typefox.lsapi.services.transport.server.LanguageServerEndpoint.accept(LanguageServerEndpoint.xtend)
	at io.typefox.lsapi.services.transport.AbstractLanguageEndpoint.handleMessage(LanguageEndpoint.xtend:67)
	at io.typefox.lsapi.services.transport.AbstractLanguageEndpoint.lambda$connect$4(LanguageEndpoint.xtend:61)
	at io.typefox.lsapi.services.json.StreamMessageReader$1.apply(StreamMessageReader.java:46)
	at io.typefox.lsapi.services.json.StreamMessageReader$1.apply(StreamMessageReader.java:44)
	at io.typefox.lsapi.services.json.StreamMessageReader.handleMessage(StreamMessageReader.xtend:128)
	at io.typefox.lsapi.services.json.StreamMessageReader.listen(StreamMessageReader.xtend:61)
	at io.typefox.lsapi.services.transport.AbstractLanguageEndpoint.connect(LanguageEndpoint.xtend:60)
	at org.javacs.Main.run(Main.java:150)
	at org.javacs.Main.main(Main.java:69)

SEVERE	?	main	2016-11-10T02:41:13.159Z	org.javacs.Main$4#onError	Can't find configuration file for c:\Repos\CS210\Assignments\5\ballsClass.java
org.javacs.NoJavaConfigException: Can't find configuration file for c:\Repos\CS210\Assignments\5\ballsClass.java
	at org.javacs.JavaLanguageServer.lambda$findCompiler$22(JavaLanguageServer.java:453)
	at java.util.Optional.orElseThrow(Optional.java:290)
	at org.javacs.JavaLanguageServer.findCompiler(JavaLanguageServer.java:453)
	at org.javacs.JavaLanguageServer.lambda$findSymbol$31(JavaLanguageServer.java:740)
	at java.util.Optional.flatMap(Optional.java:241)
	at org.javacs.JavaLanguageServer.findSymbol(JavaLanguageServer.java:739)
	at org.javacs.JavaLanguageServer.doHover(JavaLanguageServer.java:888)
	at org.javacs.JavaLanguageServer$1.hover(JavaLanguageServer.java:116)
	at io.typefox.lsapi.services.transport.server.LanguageServerEndpoint._doAccept(LanguageServerEndpoint.xtend:130)
	at io.typefox.lsapi.services.transport.server.LanguageServerEndpoint.doAccept(LanguageServerEndpoint.xtend:117)
	at io.typefox.lsapi.services.transport.server.LanguageServerEndpoint.accept(LanguageServerEndpoint.xtend:114)
	at io.typefox.lsapi.services.transport.server.LanguageServerEndpoint.accept(LanguageServerEndpoint.xtend)
	at io.typefox.lsapi.services.transport.AbstractLanguageEndpoint.handleMessage(LanguageEndpoint.xtend:67)
	at io.typefox.lsapi.services.transport.AbstractLanguageEndpoint.lambda$connect$4(LanguageEndpoint.xtend:61)
	at io.typefox.lsapi.services.json.StreamMessageReader$1.apply(StreamMessageReader.java:46)
	at io.typefox.lsapi.services.json.StreamMessageReader$1.apply(StreamMessageReader.java:44)
	at io.typefox.lsapi.services.json.StreamMessageReader.handleMessage(StreamMessageReader.xtend:128)
	at io.typefox.lsapi.services.json.StreamMessageReader.listen(StreamMessageReader.xtend:61)
	at io.typefox.lsapi.services.transport.AbstractLanguageEndpoint.connect(LanguageEndpoint.xtend:60)
	at org.javacs.Main.run(Main.java:150)
	at org.javacs.Main.main(Main.java:69)

SEVERE	?	main	2016-11-10T02:41:14.413Z	org.javacs.Main$4#onError	Can't find configuration file for c:\Repos\CS210\Assignments\5\ballsClass.java
org.javacs.NoJavaConfigException: Can't find configuration file for c:\Repos\CS210\Assignments\5\ballsClass.java
	at org.javacs.JavaLanguageServer.lambda$findCompiler$22(JavaLanguageServer.java:453)
	at java.util.Optional.orElseThrow(Optional.java:290)
	at org.javacs.JavaLanguageServer.findCompiler(JavaLanguageServer.java:453)
	at org.javacs.JavaLanguageServer.lambda$findSymbol$31(JavaLanguageServer.java:740)
	at java.util.Optional.flatMap(Optional.java:241)
	at org.javacs.JavaLanguageServer.findSymbol(JavaLanguageServer.java:739)
	at org.javacs.JavaLanguageServer.doHover(JavaLanguageServer.java:888)
	at org.javacs.JavaLanguageServer$1.hover(JavaLanguageServer.java:116)
	at io.typefox.lsapi.services.transport.server.LanguageServerEndpoint._doAccept(LanguageServerEndpoint.xtend:130)
	at io.typefox.lsapi.services.transport.server.LanguageServerEndpoint.doAccept(LanguageServerEndpoint.xtend:117)
	at io.typefox.lsapi.services.transport.server.LanguageServerEndpoint.accept(LanguageServerEndpoint.xtend:114)
	at io.typefox.lsapi.services.transport.server.LanguageServerEndpoint.accept(LanguageServerEndpoint.xtend)
	at io.typefox.lsapi.services.transport.AbstractLanguageEndpoint.handleMessage(LanguageEndpoint.xtend:67)
	at io.typefox.lsapi.services.transport.AbstractLanguageEndpoint.lambda$connect$4(LanguageEndpoint.xtend:61)
	at io.typefox.lsapi.services.json.StreamMessageReader$1.apply(StreamMessageReader.java:46)
	at io.typefox.lsapi.services.json.StreamMessageReader$1.apply(StreamMessageReader.java:44)
	at io.typefox.lsapi.services.json.StreamMessageReader.handleMessage(StreamMessageReader.xtend:128)
	at io.typefox.lsapi.services.json.StreamMessageReader.listen(StreamMessageReader.xtend:61)
	at io.typefox.lsapi.services.transport.AbstractLanguageEndpoint.connect(LanguageEndpoint.xtend:60)
	at org.javacs.Main.run(Main.java:150)
	at org.javacs.Main.main(Main.java:69)

SEVERE	?	main	2016-11-10T02:41:15.512Z	org.javacs.Main$4#onError	Can't find configuration file for c:\Repos\CS210\Assignments\5\ballsClass.java
org.javacs.NoJavaConfigException: Can't find configuration file for c:\Repos\CS210\Assignments\5\ballsClass.java
	at org.javacs.JavaLanguageServer.lambda$findCompiler$22(JavaLanguageServer.java:453)
	at java.util.Optional.orElseThrow(Optional.java:290)
	at org.javacs.JavaLanguageServer.findCompiler(JavaLanguageServer.java:453)
	at org.javacs.JavaLanguageServer.lambda$findSymbol$31(JavaLanguageServer.java:740)
	at java.util.Optional.flatMap(Optional.java:241)
	at org.javacs.JavaLanguageServer.findSymbol(JavaLanguageServer.java:739)
	at org.javacs.JavaLanguageServer.doHover(JavaLanguageServer.java:888)
	at org.javacs.JavaLanguageServer$1.hover(JavaLanguageServer.java:116)
	at io.typefox.lsapi.services.transport.server.LanguageServerEndpoint._doAccept(LanguageServerEndpoint.xtend:130)
	at io.typefox.lsapi.services.transport.server.LanguageServerEndpoint.doAccept(LanguageServerEndpoint.xtend:117)
	at io.typefox.lsapi.services.transport.server.LanguageServerEndpoint.accept(LanguageServerEndpoint.xtend:114)
	at io.typefox.lsapi.services.transport.server.LanguageServerEndpoint.accept(LanguageServerEndpoint.xtend)
	at io.typefox.lsapi.services.transport.AbstractLanguageEndpoint.handleMessage(LanguageEndpoint.xtend:67)
	at io.typefox.lsapi.services.transport.AbstractLanguageEndpoint.lambda$connect$4(LanguageEndpoint.xtend:61)
	at io.typefox.lsapi.services.json.StreamMessageReader$1.apply(StreamMessageReader.java:46)
	at io.typefox.lsapi.services.json.StreamMessageReader$1.apply(StreamMessageReader.java:44)
	at io.typefox.lsapi.services.json.StreamMessageReader.handleMessage(StreamMessageReader.xtend:128)
	at io.typefox.lsapi.services.json.StreamMessageReader.listen(StreamMessageReader.xtend:61)
	at io.typefox.lsapi.services.transport.AbstractLanguageEndpoint.connect(LanguageEndpoint.xtend:60)
	at org.javacs.Main.run(Main.java:150)
	at org.javacs.Main.main(Main.java:69)

SEVERE	?	main	2016-11-10T02:41:16.167Z	org.javacs.Main$4#onError	Can't find configuration file for c:\Repos\CS210\Assignments\5\ballsClass.java
org.javacs.NoJavaConfigException: Can't find configuration file for c:\Repos\CS210\Assignments\5\ballsClass.java
	at org.javacs.JavaLanguageServer.lambda$findCompiler$22(JavaLanguageServer.java:453)
	at java.util.Optional.orElseThrow(Optional.java:290)
	at org.javacs.JavaLanguageServer.findCompiler(JavaLanguageServer.java:453)
	at org.javacs.JavaLanguageServer.lambda$findSymbol$31(JavaLanguageServer.java:740)
	at java.util.Optional.flatMap(Optional.java:241)
	at org.javacs.JavaLanguageServer.findSymbol(JavaLanguageServer.java:739)
	at org.javacs.JavaLanguageServer.doHover(JavaLanguageServer.java:888)
	at org.javacs.JavaLanguageServer$1.hover(JavaLanguageServer.java:116)
	at io.typefox.lsapi.services.transport.server.LanguageServerEndpoint._doAccept(LanguageServerEndpoint.xtend:130)
	at io.typefox.lsapi.services.transport.server.LanguageServerEndpoint.doAccept(LanguageServerEndpoint.xtend:117)
	at io.typefox.lsapi.services.transport.server.LanguageServerEndpoint.accept(LanguageServerEndpoint.xtend:114)
	at io.typefox.lsapi.services.transport.server.LanguageServerEndpoint.accept(LanguageServerEndpoint.xtend)
	at io.typefox.lsapi.services.transport.AbstractLanguageEndpoint.handleMessage(LanguageEndpoint.xtend:67)
	at io.typefox.lsapi.services.transport.AbstractLanguageEndpoint.lambda$connect$4(LanguageEndpoint.xtend:61)
	at io.typefox.lsapi.services.json.StreamMessageReader$1.apply(StreamMessageReader.java:46)
	at io.typefox.lsapi.services.json.StreamMessageReader$1.apply(StreamMessageReader.java:44)
	at io.typefox.lsapi.services.json.StreamMessageReader.handleMessage(StreamMessageReader.xtend:128)
	at io.typefox.lsapi.services.json.StreamMessageReader.listen(StreamMessageReader.xtend:61)
	at io.typefox.lsapi.services.transport.AbstractLanguageEndpoint.connect(LanguageEndpoint.xtend:60)
	at org.javacs.Main.run(Main.java:150)
	at org.javacs.Main.main(Main.java:69)

SEVERE	?	main	2016-11-10T02:41:17.768Z	org.javacs.Main$4#onError	Can't find configuration file for c:\Repos\CS210\Assignments\5\ballsClass.java
org.javacs.NoJavaConfigException: Can't find configuration file for c:\Repos\CS210\Assignments\5\ballsClass.java
	at org.javacs.JavaLanguageServer.lambda$findCompiler$22(JavaLanguageServer.java:453)
	at java.util.Optional.orElseThrow(Optional.java:290)
	at org.javacs.JavaLanguageServer.findCompiler(JavaLanguageServer.java:453)
	at org.javacs.JavaLanguageServer.lambda$findSymbol$31(JavaLanguageServer.java:740)
	at java.util.Optional.flatMap(Optional.java:241)
	at org.javacs.JavaLanguageServer.findSymbol(JavaLanguageServer.java:739)
	at org.javacs.JavaLanguageServer.doHover(JavaLanguageServer.java:888)
	at org.javacs.JavaLanguageServer$1.hover(JavaLanguageServer.java:116)
	at io.typefox.lsapi.services.transport.server.LanguageServerEndpoint._doAccept(LanguageServerEndpoint.xtend:130)
	at io.typefox.lsapi.services.transport.server.LanguageServerEndpoint.doAccept(LanguageServerEndpoint.xtend:117)
	at io.typefox.lsapi.services.transport.server.LanguageServerEndpoint.accept(LanguageServerEndpoint.xtend:114)
	at io.typefox.lsapi.services.transport.server.LanguageServerEndpoint.accept(LanguageServerEndpoint.xtend)
	at io.typefox.lsapi.services.transport.AbstractLanguageEndpoint.handleMessage(LanguageEndpoint.xtend:67)
	at io.typefox.lsapi.services.transport.AbstractLanguageEndpoint.lambda$connect$4(LanguageEndpoint.xtend:61)
	at io.typefox.lsapi.services.json.StreamMessageReader$1.apply(StreamMessageReader.java:46)
	at io.typefox.lsapi.services.json.StreamMessageReader$1.apply(StreamMessageReader.java:44)
	at io.typefox.lsapi.services.json.StreamMessageReader.handleMessage(StreamMessageReader.xtend:128)
	at io.typefox.lsapi.services.json.StreamMessageReader.listen(StreamMessageReader.xtend:61)
	at io.typefox.lsapi.services.transport.AbstractLanguageEndpoint.connect(LanguageEndpoint.xtend:60)
	at org.javacs.Main.run(Main.java:150)
	at org.javacs.Main.main(Main.java:69)

SEVERE	?	main	2016-11-10T02:45:31.440Z	org.javacs.Main$4#onError	Can't find configuration file for c:\Repos\CS210\Assignments\5\ballsClass.java
org.javacs.NoJavaConfigException: Can't find configuration file for c:\Repos\CS210\Assignments\5\ballsClass.java
	at org.javacs.JavaLanguageServer.lambda$findCompiler$22(JavaLanguageServer.java:453)
	at java.util.Optional.orElseThrow(Optional.java:290)
	at org.javacs.JavaLanguageServer.findCompiler(JavaLanguageServer.java:453)
	at org.javacs.JavaLanguageServer.lambda$findSymbol$31(JavaLanguageServer.java:740)
	at java.util.Optional.flatMap(Optional.java:241)
	at org.javacs.JavaLanguageServer.findSymbol(JavaLanguageServer.java:739)
	at org.javacs.JavaLanguageServer.doHover(JavaLanguageServer.java:888)
	at org.javacs.JavaLanguageServer$1.hover(JavaLanguageServer.java:116)
	at io.typefox.lsapi.services.transport.server.LanguageServerEndpoint._doAccept(LanguageServerEndpoint.xtend:130)
	at io.typefox.lsapi.services.transport.server.LanguageServerEndpoint.doAccept(LanguageServerEndpoint.xtend:117)
	at io.typefox.lsapi.services.transport.server.LanguageServerEndpoint.accept(LanguageServerEndpoint.xtend:114)
	at io.typefox.lsapi.services.transport.server.LanguageServerEndpoint.accept(LanguageServerEndpoint.xtend)
	at io.typefox.lsapi.services.transport.AbstractLanguageEndpoint.handleMessage(LanguageEndpoint.xtend:67)
	at io.typefox.lsapi.services.transport.AbstractLanguageEndpoint.lambda$connect$4(LanguageEndpoint.xtend:61)
	at io.typefox.lsapi.services.json.StreamMessageReader$1.apply(StreamMessageReader.java:46)
	at io.typefox.lsapi.services.json.StreamMessageReader$1.apply(StreamMessageReader.java:44)
	at io.typefox.lsapi.services.json.StreamMessageReader.handleMessage(StreamMessageReader.xtend:128)
	at io.typefox.lsapi.services.json.StreamMessageReader.listen(StreamMessageReader.xtend:61)
	at io.typefox.lsapi.services.transport.AbstractLanguageEndpoint.connect(LanguageEndpoint.xtend:60)
	at org.javacs.Main.run(Main.java:150)
	at org.javacs.Main.main(Main.java:69)

